
PLAY [named] *******************************************************************

TASK [Gathering Facts] *********************************************************
ok: [L-SRV]

TASK [install named] ***********************************************************
ok: [L-SRV]

TASK [cp] **********************************************************************
ok: [L-SRV]

TASK [named sed] ***************************************************************
changed: [L-SRV]

TASK [named sed] ***************************************************************
changed: [L-SRV]

TASK [named sed] ***************************************************************
changed: [L-SRV]

TASK [named sed] ***************************************************************
changed: [L-SRV]

TASK [named sed] ***************************************************************
changed: [L-SRV]

TASK [named sed] ***************************************************************
changed: [L-SRV]

TASK [cat zones] ***************************************************************
changed: [L-SRV]

TASK [cp] **********************************************************************
ok: [L-SRV]

TASK [cp] **********************************************************************
ok: [L-SRV]

TASK [cp] **********************************************************************
ok: [L-SRV]

TASK [start named] *************************************************************
changed: [L-SRV]

PLAY RECAP *********************************************************************
L-SRV                      : ok=14   changed=8    unreachable=0    failed=0    skipped=0    rescued=0    ignored=0   